<?xml version="1.0" encoding="UTF-8"?>
<testsuite xmlns:xsi="http://www.w3.org/2001/XMLSchema-instance" xsi:noNamespaceSchemaLocation="https://maven.apache.org/surefire/maven-surefire-plugin/xsd/surefire-test-report.xsd" version="3.0.2" name="com.de.le.sprewebhook.SpreWebHookApplicationTests" time="7.119" tests="1" errors="0" skipped="0" failures="0" flakes="0">
  <properties>
[...]
</properties>
  <testcase name="contextLoads" classname="com.de.le.sprewebhook.SpreWebHookApplicationTests" time="1.518">
    <system-out><![CDATA[08:31:41.311 [main] INFO org.springframework.test.context.support.AnnotationConfigContextLoaderUtils -- Could not detect default configuration classes for test class [com.de.le.sprewebhook.SpreWebHookApplicationTests]: SpreWebHookApplicationTests does not declare any static, non-private, non-final, nested classes annotated with @Configuration.
08:31:41.637 [main] INFO org.springframework.boot.test.context.SpringBootTestContextBootstrapper -- Found @SpringBootConfiguration com.de.le.sprewebhook.SpreWebHookApplication for test class com.de.le.sprewebhook.SpreWebHookApplicationTests
08:31:41.921 [main] INFO org.springframework.test.context.support.AnnotationConfigContextLoaderUtils -- Could not detect default configuration classes for test class [com.de.le.sprewebhook.SpreWebHookApplicationTests]: SpreWebHookApplicationTests does not declare any static, non-private, non-final, nested classes annotated with @Configuration.
08:31:41.928 [main] INFO org.springframework.boot.test.context.SpringBootTestContextBootstrapper -- Found @SpringBootConfiguration com.de.le.sprewebhook.SpreWebHookApplication for test class com.de.le.sprewebhook.SpreWebHookApplicationTests

  .   ____          _            __ _ _
 /\\ / ___'_ __ _ _(_)_ __  __ _ \ \ \ \
( ( )\___ | '_ | '_| | '_ \/ _` | \ \ \ \
 \\/  ___)| |_)| | | | | || (_| |  ) ) ) )
  '  |____| .__|_| |_|_| |_\__, | / / / /
 =========|_|==============|___/=/_/_/_/

 :: Spring Boot ::                (v4.0.6)

2026-04-29T08:31:42.807+05:30  INFO 7884 --- [SpreWebHook] [           main] c.d.l.s.SpreWebHookApplicationTests      : Starting SpreWebHookApplicationTests using Java 25.0.2 with PID 7884 (started by LENOVO in C:\Users\LENOVO\IdeaProjects\SpreWebHook)
2026-04-29T08:31:42.811+05:30  INFO 7884 --- [SpreWebHook] [           main] c.d.l.s.SpreWebHookApplicationTests      : No active profile set, falling back to 1 default profile: "default"
2026-04-29T08:31:45.327+05:30  WARN 7884 --- [SpreWebHook] [           main] .s.a.UserDetailsServiceAutoConfiguration : 

Using generated security password: 661268db-9b3e-4002-aa5f-b9879493bfb2

This generated password is for development use only. Your security configuration must be updated before running your application in production.

2026-04-29T08:31:45.348+05:30  INFO 7884 --- [SpreWebHook] [           main] r$InitializeUserDetailsManagerConfigurer : Global AuthenticationManager configured with UserDetailsService bean with name inMemoryUserDetailsManager
2026-04-29T08:31:45.718+05:30 DEBUG 7884 --- [SpreWebHook] [           main] o.s.s.web.DefaultSecurityFilterChain     : Will secure any request with filters: DisableEncodeUrlFilter, WebAsyncManagerIntegrationFilter, SecurityContextHolderFilter, HeaderWriterFilter, LogoutFilter, RequestCacheAwareFilter, SecurityContextHolderAwareRequestFilter, AnonymousAuthenticationFilter, ExceptionTranslationFilter, AuthorizationFilter
2026-04-29T08:31:46.419+05:30  INFO 7884 --- [SpreWebHook] [           main] c.d.l.s.SpreWebHookApplicationTests      : Started SpreWebHookApplicationTests in 4.334 seconds (process running for 7.558)
]]></system-out>
    <system-err><![CDATA[Mockito is currently self-attaching to enable the inline-mock-maker. This will no longer work in future releases of the JDK. Please add Mockito as an agent to your build as described in Mockito's documentation: https://javadoc.io/doc/org.mockito/mockito-core/latest/org.mockito/org/mockito/Mockito.html#0.3
WARNING: A Java agent has been loaded dynamically (C:\Users\LENOVO\.m2\repository\net\bytebuddy\byte-buddy-agent\1.17.8\byte-buddy-agent-1.17.8.jar)
WARNING: If a serviceability tool is in use, please run with -XX:+EnableDynamicAgentLoading to hide this warning
WARNING: If a serviceability tool is not in use, please run with -Djdk.instrument.traceUsage for more information
WARNING: Dynamic loading of agents will be disallowed by default in a future release
]]></system-err>
  </testcase>
</testsuite>